Arguments: 
  /usr/local/Cellar/node@10/10.16.0/bin/node /usr/local/bin/yarn add sleep-await

PATH: 
  /Users/wimkung/bin:/usr/local/opt/node@10/bin:/usr/local/opt/icu4c/sbin:/usr/local/opt/icu4c/bin:/usr/local/opt/openssl/bin:/usr/local/opt/node@8/bin:/Library/Frameworks/Python.framework/Versions/3.7/bin:/usr/local/bin:/usr/bin:/bin:/usr/sbin:/sbin:/Library/Apple/usr/bin:/Library/Apple/bin:/usr/local/go/bin:/Users/wimkung/project/hapi-with-docker/node_modules/.bin

Yarn version: 
  1.12.3

Node version: 
  10.16.0

Platform: 
  darwin x64

Trace: 
  Error: https://registry.yarnpkg.com/sleep-await: Not found
      at Request.params.callback [as _callback] (/usr/local/lib/node_modules/yarn/lib/cli.js:65894:18)
      at Request.self.callback (/usr/local/lib/node_modules/yarn/lib/cli.js:129018:22)
      at Request.emit (events.js:198:13)
      at Request.<anonymous> (/usr/local/lib/node_modules/yarn/lib/cli.js:129990:10)
      at Request.emit (events.js:198:13)
      at IncomingMessage.<anonymous> (/usr/local/lib/node_modules/yarn/lib/cli.js:129912:12)
      at Object.onceWrapper (events.js:286:20)
      at IncomingMessage.emit (events.js:203:15)
      at endReadableNT (_stream_readable.js:1129:12)
      at process._tickCallback (internal/process/next_tick.js:63:19)

npm manifest: 
  {
    "name": "hapi-with-docker",
    "version": "1.0.0",
    "main": "index.js",
    "license": "MIT",
    "scripts": {
      "start": "node index.js"
    },
    "dependencies": {
      "@hapi/hapi": "^18.4.0"
    }
  }

yarn manifest: 
  No manifest

Lockfile: 
  # THIS IS AN AUTOGENERATED FILE. DO NOT EDIT THIS FILE DIRECTLY.
  # yarn lockfile v1
  
  
  "@hapi/accept@3.x.x":
    version "3.2.3"
    resolved "https://registry.yarnpkg.com/@hapi/accept/-/accept-3.2.3.tgz#6947259928ed28df2736c7daffbfc739b72adfcc"
    integrity sha512-qEzsOJkCAJZxwj3iF83bSG9Lxy8Bpbrt8mRLNdvSALT6vlU2cYh6ZEHKEZPy4h/Mo31Su3j0rJgFF91+W1RWDQ==
    dependencies:
      "@hapi/boom" "7.x.x"
      "@hapi/hoek" "8.x.x"
  
  "@hapi/address@2.x.x", "@hapi/address@^2.1.2":
    version "2.1.2"
    resolved "https://registry.yarnpkg.com/@hapi/address/-/address-2.1.2.tgz#1c794cd6dbf2354d1eb1ef10e0303f573e1c7222"
    integrity sha512-O4QDrx+JoGKZc6aN64L04vqa7e41tIiLU+OvKdcYaEMP97UttL0f9GIi9/0A4WAMx0uBd6SidDIhktZhgOcN8Q==
  
  "@hapi/ammo@3.x.x":
    version "3.1.1"
    resolved "https://registry.yarnpkg.com/@hapi/ammo/-/ammo-3.1.1.tgz#ab700dac10f0b7fc5b7168c550c6be45ec3b981b"
    integrity sha512-NYFK27VSPGyQ/KmOQedpQH4PSjE7awLntepX68vrYtRvuJO21W1kX0bK2p3C+6ltUwtCQSvmNT8a4uMVAysC6Q==
    dependencies:
      "@hapi/hoek" "8.x.x"
  
  "@hapi/b64@4.x.x":
    version "4.2.1"
    resolved "https://registry.yarnpkg.com/@hapi/b64/-/b64-4.2.1.tgz#bf8418d7907c5e73463f2e3b5c6fca7e9f2a1357"
    integrity sha512-zqHpQuH5CBMw6hADzKfU/IGNrxq1Q+/wTYV+OiZRQN9F3tMyk+9BUMeBvFRMamduuqL8iSp62QAnJ+7ATiYLWA==
    dependencies:
      "@hapi/hoek" "8.x.x"
  
  "@hapi/boom@7.x.x":
    version "7.4.11"
    resolved "https://registry.yarnpkg.com/@hapi/boom/-/boom-7.4.11.tgz#37af8417eb9416aef3367aa60fa04a1a9f1fc262"
    integrity sha512-VSU/Cnj1DXouukYxxkes4nNJonCnlogHvIff1v1RVoN4xzkKhMXX+GRmb3NyH1iar10I9WFPDv2JPwfH3GaV0A==
    dependencies:
      "@hapi/hoek" "8.x.x"
  
  "@hapi/bounce@1.x.x":
    version "1.3.1"
    resolved "https://registry.yarnpkg.com/@hapi/bounce/-/bounce-1.3.1.tgz#7e0017300fa92b21bc6706590cac08f6085899e1"
    integrity sha512-/ecFQTRBom2MEbjMHvKKE6FZ/e1gYK72CeUIFzz++dKK1kYJ0KbRJ72mXroWoTT2hIv+8H0ua/eOkO0+hRdHcw==
    dependencies:
      "@hapi/boom" "7.x.x"
      "@hapi/hoek" "8.x.x"
  
  "@hapi/bourne@1.x.x":
    version "1.3.2"
    resolved "https://registry.yarnpkg.com/@hapi/bourne/-/bourne-1.3.2.tgz#0a7095adea067243ce3283e1b56b8a8f453b242a"
    integrity sha512-1dVNHT76Uu5N3eJNTYcvxee+jzX4Z9lfciqRRHCU27ihbUcYi+iSc2iml5Ke1LXe1SyJCLA0+14Jh4tXJgOppA==
  
  "@hapi/call@5.x.x":
    version "5.1.1"
    resolved "https://registry.yarnpkg.com/@hapi/call/-/call-5.1.1.tgz#e0d090483486099589d6a7cd1d08ca0e0e6edb99"
    integrity sha512-M6fC+9+K/ZB4hIdVQ8i0kc/6J5PWlW3PEWYKAAZpw0sk+28LiRTSF8BjOWwmiIjZWWs42AnEIiFJA0YrvcDnlw==
    dependencies:
      "@hapi/boom" "7.x.x"
      "@hapi/hoek" "8.x.x"
  
  "@hapi/catbox-memory@4.x.x":
    version "4.1.1"
    resolved "https://registry.yarnpkg.com/@hapi/catbox-memory/-/catbox-memory-4.1.1.tgz#263a6f3361f7a200552c5772c98a8e80a1da712f"
    integrity sha512-T6Hdy8DExzG0jY7C8yYWZB4XHfc0v+p1EGkwxl2HoaPYAmW7I3E59M/IvmSVpis8RPcIoBp41ZpO2aZPBpM2Ww==
    dependencies:
      "@hapi/boom" "7.x.x"
      "@hapi/hoek" "8.x.x"
  
  "@hapi/catbox@10.x.x":
    version "10.2.3"
    resolved "https://registry.yarnpkg.com/@hapi/catbox/-/catbox-10.2.3.tgz#2df51ab943d7613df3718fa2bfd981dd9558cec5"
    integrity sha512-kN9hXO4NYyOHW09CXiuj5qW1syc/0XeVOBsNNk0Tz89wWNQE5h21WF+VsfAw3uFR8swn/Wj3YEVBnWqo82m/JQ==
    dependencies:
      "@hapi/boom" "7.x.x"
      "@hapi/hoek" "8.x.x"
      "@hapi/joi" "16.x.x"
      "@hapi/podium" "3.x.x"
  
  "@hapi/content@4.x.x":
    version "4.1.0"
    resolved "https://registry.yarnpkg.com/@hapi/content/-/content-4.1.0.tgz#5265516949ca081e85a43e97c1058ff53fc69714"
    integrity sha512-hv2Czsl49hnWDEfRZOFow/BmYbKyfEknmk3k83gOp6moFn5ceHB4xVcna8OwsGfy8dxO81lhpPy+JgQEaU4SWw==
    dependencies:
      "@hapi/boom" "7.x.x"
  
  "@hapi/cryptiles@4.x.x":
    version "4.2.1"
    resolved "https://registry.yarnpkg.com/@hapi/cryptiles/-/cryptiles-4.2.1.tgz#ff0f18d79074659838caedbb911851313ad1ffbc"
    integrity sha512-XoqgKsHK0l/VpqPs+tr6j6vE+VQ3+2bkF2stvttmc7xAOf1oSAwHcJ0tlp/6MxMysktt1IEY0Csy3khKaP9/uQ==
    dependencies:
      "@hapi/boom" "7.x.x"
  
  "@hapi/file@1.x.x":
    version "1.0.0"
    resolved "https://registry.yarnpkg.com/@hapi/file/-/file-1.0.0.tgz#c91c39fd04db8bed5af82d2e032e7a4e65555b38"
    integrity sha512-Bsfp/+1Gyf70eGtnIgmScvrH8sSypO3TcK3Zf0QdHnzn/ACnAkI6KLtGACmNRPEzzIy+W7aJX5E+1fc9GwIABQ==
  
  "@hapi/formula@^1.2.0":
    version "1.2.0"
    resolved "https://registry.yarnpkg.com/@hapi/formula/-/formula-1.2.0.tgz#994649c7fea1a90b91a0a1e6d983523f680e10cd"
    integrity sha512-UFbtbGPjstz0eWHb+ga/GM3Z9EzqKXFWIbSOFURU0A/Gku0Bky4bCk9/h//K2Xr3IrCfjFNhMm4jyZ5dbCewGA==
  
  "@hapi/hapi@^18.4.0":
    version "18.4.0"
    resolved "https://registry.yarnpkg.com/@hapi/hapi/-/hapi-18.4.0.tgz#607c33e31741bacba107011e2e24eaf431d8cc7a"
    integrity sha512-uk9zqknRLcNVQKgrPURm85DqkdroWP8eDRekh/IPoKvC4VjdZSn6EH2eUriOwyud/CldeBS3HDIJ/PtRj3VxDQ==
    dependencies:
      "@hapi/accept" "3.x.x"
      "@hapi/ammo" "3.x.x"
      "@hapi/boom" "7.x.x"
      "@hapi/bounce" "1.x.x"
      "@hapi/call" "5.x.x"
      "@hapi/catbox" "10.x.x"
      "@hapi/catbox-memory" "4.x.x"
      "@hapi/heavy" "6.x.x"
      "@hapi/hoek" "8.x.x"
      "@hapi/joi" "15.x.x"
      "@hapi/mimos" "4.x.x"
      "@hapi/podium" "3.x.x"
      "@hapi/shot" "4.x.x"
      "@hapi/somever" "2.x.x"
      "@hapi/statehood" "6.x.x"
      "@hapi/subtext" "6.x.x"
      "@hapi/teamwork" "3.x.x"
      "@hapi/topo" "3.x.x"
  
  "@hapi/heavy@6.x.x":
    version "6.2.2"
    resolved "https://registry.yarnpkg.com/@hapi/heavy/-/heavy-6.2.2.tgz#d42a282c62d5bb6332e497d8ce9ba52f1609f3e6"
    integrity sha512-PY1dCCO6dsze7RlafIRhTaGeyTgVe49A/lSkxbhKGjQ7x46o/OFf7hLiRqTCDh3atcEKf6362EaB3+kTUbCsVA==
    dependencies:
      "@hapi/boom" "7.x.x"
      "@hapi/hoek" "8.x.x"
      "@hapi/joi" "16.x.x"
  
  "@hapi/hoek@8.x.x", "@hapi/hoek@^8.2.4":
    version "8.3.0"
    resolved "https://registry.yarnpkg.com/@hapi/hoek/-/hoek-8.3.0.tgz#2b9db1cd00f3891005c77b3a8d608b88a6d0aa4d"
    integrity sha512-C0QL9bmgUXTSuf8nDeGrpMjtJG7tPUr8wG6/wxPbP62tGwCwQtdMSJYfESowmY4P3Hn593f+8OzNY5bckcu/LQ==
  
  "@hapi/iron@5.x.x":
    version "5.1.4"
    resolved "https://registry.yarnpkg.com/@hapi/iron/-/iron-5.1.4.tgz#7406f36847f798f52b92d1d97f855e27973832b7"
    integrity sha512-+ElC+OCiwWLjlJBmm8ZEWjlfzTMQTdgPnU/TsoU5QsktspIWmWi9IU4kU83nH+X/SSya8TP8h8P11Wr5L7dkQQ==
    dependencies:
      "@hapi/b64" "4.x.x"
      "@hapi/boom" "7.x.x"
      "@hapi/bourne" "1.x.x"
      "@hapi/cryptiles" "4.x.x"
      "@hapi/hoek" "8.x.x"
  
  "@hapi/joi@15.x.x":
    version "15.1.1"
    resolved "https://registry.yarnpkg.com/@hapi/joi/-/joi-15.1.1.tgz#c675b8a71296f02833f8d6d243b34c57b8ce19d7"
    integrity sha512-entf8ZMOK8sc+8YfeOlM8pCfg3b5+WZIKBfUaaJT8UsjAAPjartzxIYm3TIbjvA4u+u++KbcXD38k682nVHDAQ==
    dependencies:
      "@hapi/address" "2.x.x"
      "@hapi/bourne" "1.x.x"
      "@hapi/hoek" "8.x.x"
      "@hapi/topo" "3.x.x"
  
  "@hapi/joi@16.x.x":
    version "16.1.7"
    resolved "https://registry.yarnpkg.com/@hapi/joi/-/joi-16.1.7.tgz#360857223a87bb1f5f67691537964c1b4908ed93"
    integrity sha512-anaIgnZhNooG3LJLrTFzgGALTiO97zRA1UkvQHm9KxxoSiIzCozB3RCNCpDnfhTJD72QlrHA8nwGmNgpFFCIeg==
    dependencies:
      "@hapi/address" "^2.1.2"
      "@hapi/formula" "^1.2.0"
      "@hapi/hoek" "^8.2.4"
      "@hapi/pinpoint" "^1.0.2"
      "@hapi/topo" "^3.1.3"
  
  "@hapi/mimos@4.x.x":
    version "4.1.1"
    resolved "https://registry.yarnpkg.com/@hapi/mimos/-/mimos-4.1.1.tgz#4dab8ed5c64df0603c204c725963a5faa4687e8a"
    integrity sha512-CXoi/zfcTWfKYX756eEea8rXJRIb9sR4d7VwyAH9d3BkDyNgAesZxvqIdm55npQc6S9mU3FExinMAQVlIkz0eA==
    dependencies:
      "@hapi/hoek" "8.x.x"
      mime-db "1.x.x"
  
  "@hapi/nigel@3.x.x":
    version "3.1.1"
    resolved "https://registry.yarnpkg.com/@hapi/nigel/-/nigel-3.1.1.tgz#84794021c9ee6e48e854fea9fb76e9f7e78c99ad"
    integrity sha512-R9YWx4S8yu0gcCBrMUDCiEFm1SQT895dMlYoeNBp8I6YhF1BFF1iYPueKA2Kkp9BvyHdjmvrxCOns7GMmpl+Fw==
    dependencies:
      "@hapi/hoek" "8.x.x"
      "@hapi/vise" "3.x.x"
  
  "@hapi/pez@4.x.x":
    version "4.1.1"
    resolved "https://registry.yarnpkg.com/@hapi/pez/-/pez-4.1.1.tgz#d515ed75bc082cb6da3ab8d7804a3b41a4d63be6"
    integrity sha512-TUa2C7Xk6J69HWrm+Ad+O6dFvdVAG0BiFUYaRsmkdWjFIfwHBCaOI1dWT/juNukSb39Lj6/mDVyjN+H4nKB3xg==
    dependencies:
      "@hapi/b64" "4.x.x"
      "@hapi/boom" "7.x.x"
      "@hapi/content" "4.x.x"
      "@hapi/hoek" "8.x.x"
      "@hapi/nigel" "3.x.x"
  
  "@hapi/pinpoint@^1.0.2":
    version "1.0.2"
    resolved "https://registry.yarnpkg.com/@hapi/pinpoint/-/pinpoint-1.0.2.tgz#025b7a36dbbf4d35bf1acd071c26b20ef41e0d13"
    integrity sha512-dtXC/WkZBfC5vxscazuiJ6iq4j9oNx1SHknmIr8hofarpKUZKmlUVYVIhNVzIEgK5Wrc4GMHL5lZtt1uS2flmQ==
  
  "@hapi/podium@3.x.x":
    version "3.4.2"
    resolved "https://registry.yarnpkg.com/@hapi/podium/-/podium-3.4.2.tgz#3d3a2cb6aabbe46f98658151295d42030442bddc"
    integrity sha512-g9zlAkRL2uDlnEo64xzEhFLblf4fdL5Z6evAO0wJhdxEvokI/+6ryv7k6uhND481LiLzQz8qTtPYMuhH1hichw==
    dependencies:
      "@hapi/hoek" "8.x.x"
      "@hapi/joi" "16.x.x"
  
  "@hapi/shot@4.x.x":
    version "4.1.2"
    resolved "https://registry.yarnpkg.com/@hapi/shot/-/shot-4.1.2.tgz#69f999956041fe468701a89a413175a521dabed5"
    integrity sha512-6LeHLjvsq/bQ0R+fhEyr7mqExRGguNTrxFZf5DyKe3CK6pNabiGgYO4JVFaRrLZ3JyuhkS0fo8iiRE2Ql2oA/A==
    dependencies:
      "@hapi/hoek" "8.x.x"
      "@hapi/joi" "16.x.x"
  
  "@hapi/somever@2.x.x":
    version "2.1.1"
    resolved "https://registry.yarnpkg.com/@hapi/somever/-/somever-2.1.1.tgz#142bddf7cc4d829f678ed4e60618630a9a7ae845"
    integrity sha512-cic5Sto4KGd9B0oQSdKTokju+rYhCbdpzbMb0EBnrH5Oc1z048hY8PaZ1lx2vBD7I/XIfTQVQetBH57fU51XRA==
    dependencies:
      "@hapi/bounce" "1.x.x"
      "@hapi/hoek" "8.x.x"
  
  "@hapi/statehood@6.x.x":
    version "6.1.2"
    resolved "https://registry.yarnpkg.com/@hapi/statehood/-/statehood-6.1.2.tgz#6dda508b5da99a28a3ed295c3cac795cf6c12a02"
    integrity sha512-pYXw1x6npz/UfmtcpUhuMvdK5kuOGTKcJNfLqdNptzietK2UZH5RzNJSlv5bDHeSmordFM3kGItcuQWX2lj2nQ==
    dependencies:
      "@hapi/boom" "7.x.x"
      "@hapi/bounce" "1.x.x"
      "@hapi/bourne" "1.x.x"
      "@hapi/cryptiles" "4.x.x"
      "@hapi/hoek" "8.x.x"
      "@hapi/iron" "5.x.x"
      "@hapi/joi" "16.x.x"
  
  "@hapi/subtext@6.x.x":
    version "6.1.2"
    resolved "https://registry.yarnpkg.com/@hapi/subtext/-/subtext-6.1.2.tgz#87754f0c25b4e2676575a3686541e5b555b0c717"
    integrity sha512-G1kqD1E2QdxpvpL26WieIyo3z0qCa/sAGSa2TJI/PYPWCR9rL0rqFvhWY774xPZ4uK1PV3TIaJcx8AruAvxclg==
    dependencies:
      "@hapi/boom" "7.x.x"
      "@hapi/bourne" "1.x.x"
      "@hapi/content" "4.x.x"
      "@hapi/file" "1.x.x"
      "@hapi/hoek" "8.x.x"
      "@hapi/pez" "4.x.x"
      "@hapi/wreck" "15.x.x"
  
  "@hapi/teamwork@3.x.x":
    version "3.3.1"
    resolved "https://registry.yarnpkg.com/@hapi/teamwork/-/teamwork-3.3.1.tgz#b52d0ec48682dc793926bd432e22ceb19c915d3f"
    integrity sha512-61tiqWCYvMKP7fCTXy0M4VE6uNIwA0qvgFoiDubgfj7uqJ0fdHJFQNnVPGrxhLWlwz0uBPWrQlBH7r8y9vFITQ==
  
  "@hapi/topo@3.x.x", "@hapi/topo@^3.1.3":
    version "3.1.5"
    resolved "https://registry.yarnpkg.com/@hapi/topo/-/topo-3.1.5.tgz#3baea17e456530edad69a75c3fc7cde97dd6d331"
    integrity sha512-bi9m1jrui9LlvtVdLaHv0DqeOoe+I8dep+nEcTgW6XxJHL3xArQcilYz3tIp0cRC4gWlsVtABK7vNKg4jzEmAA==
    dependencies:
      "@hapi/hoek" "8.x.x"
  
  "@hapi/vise@3.x.x":
    version "3.1.1"
    resolved "https://registry.yarnpkg.com/@hapi/vise/-/vise-3.1.1.tgz#dfc88f2ac90682f48bdc1b3f9b8f1eab4eabe0c8"
    integrity sha512-OXarbiCSadvtg+bSdVPqu31Z1JoBL+FwNYz3cYoBKQ5xq1/Cr4A3IkGpAZbAuxU5y4NL5pZFZG3d2a3ZGm/dOQ==
    dependencies:
      "@hapi/hoek" "8.x.x"
  
  "@hapi/wreck@15.x.x":
    version "15.1.0"
    resolved "https://registry.yarnpkg.com/@hapi/wreck/-/wreck-15.1.0.tgz#7917cd25950ce9b023f7fd2bea6e2ef72c71e59d"
    integrity sha512-tQczYRTTeYBmvhsek/D49En/5khcShaBEmzrAaDjMrFXKJRuF8xA8+tlq1ETLBFwGd6Do6g2OC74rt11kzawzg==
    dependencies:
      "@hapi/boom" "7.x.x"
      "@hapi/bourne" "1.x.x"
      "@hapi/hoek" "8.x.x"
  
  mime-db@1.x.x:
    version "1.42.0"
    resolved "https://registry.yarnpkg.com/mime-db/-/mime-db-1.42.0.tgz#3e252907b4c7adb906597b4b65636272cf9e7bac"
    integrity sha512-UbfJCR4UAVRNgMpfImz05smAXK7+c+ZntjaA26ANtkXLlOe947Aag5zdIcKQULAiF9Cq4WxBi9jUs5zkA84bYQ==
